<?xml version="1.0" encoding="UTF-8"?>
<!-- Generated by org.testng.reporters.JUnitXMLReporter -->
<testsuite ignored="0" hostname="GOPINATH-LAP" failures="1" tests="1" name="IMA_Automation_Testing" time="0.501" errors="0" timestamp="2022-07-04T12:27:11 IST">
  <testcase classname="execution.Test" name="Login_Test" time="0.0">
    <failure type="org.testng.TestNGException" message="
Cannot inject @Test annotated Method [Login_Test] with [class com.aventstack.extentreports.ExtentTest].
For more information on native dependency injection please refer to https://testng.org/doc/documentation-main.html#native-dependency-injection">
      <![CDATA[org.testng.TestNGException: 
Cannot inject @Test annotated Method [Login_Test] with [class com.aventstack.extentreports.ExtentTest].
For more information on native dependency injection please refer to https://testng.org/doc/documentation-main.html#native-dependency-injection
at java.base/java.util.ArrayList.forEach(ArrayList.java:1511)
... Removed 26 stack frames]]>
    </failure>
  </testcase> <!-- Login_Test -->
</testsuite> <!-- IMA_Automation_Testing -->
