<?xml version="1.0" encoding="UTF-8"?>
<!-- Generated by org.testng.reporters.JUnitXMLReporter -->
<testsuite ignored="0" hostname="GOPINATH-LAP" failures="0" tests="12" name="Test" time="316.203" errors="0" timestamp="2022-09-19T13:15:12 IST">
  <testcase classname="execution.Test" name="Message_test" time="19.866"/>
  <testcase classname="execution.Test" name="Valid_Login_Test" time="7.943"/>
  <testcase classname="execution.Test" name="Valid_Login_Test" time="8.055"/>
  <testcase classname="execution.Test" name="Invalid_Login_Test" time="6.597"/>
  <testcase classname="execution.Test" name="Invalid_Login_Test" time="6.688"/>
  <testcase classname="execution.Test" name="Invalid_Login_Test" time="7.164"/>
  <testcase classname="execution.Test" name="Invalid_Login_Test" time="6.913"/>
  <testcase classname="execution.Test" name="Invalid_Login_Test" time="6.501"/>
  <testcase classname="execution.Test" name="Invalid_Login_Test" time="7.253"/>
  <testcase classname="execution.Test" name="Invalid_Login_Test" time="7.365"/>
  <testcase classname="execution.Test" name="Invalid_Login_Test" time="5.981"/>
  <testcase classname="execution.Test" name="Invalid_Login_Test" time="5.725"/>
</testsuite> <!-- Test -->
