<?xml version="1.0" encoding="UTF-8"?>
<testng-results ignored="0" total="12" passed="12" failed="0" skipped="0">
  <reporter-output>
  </reporter-output>
  <suite started-at="2022-09-19T13:09:56 IST" name="Suite" finished-at="2022-09-19T13:15:12 IST" duration-ms="316203">
    <groups>
    </groups>
    <test started-at="2022-09-19T13:09:56 IST" name="Test" finished-at="2022-09-19T13:15:12 IST" duration-ms="316203">
      <class name="execution.Test">
        <test-method is-config="true" signature="beforesuite()[pri:0, instance:execution.Test@7ed7259e]" started-at="2022-09-19T13:09:56 IST" name="beforesuite" finished-at="2022-09-19T13:09:56 IST" duration-ms="12" status="PASS">
          <reporter-output>
          </reporter-output>
        </test-method> <!-- beforesuite -->
        <test-method is-config="true" signature="beforeclass()[pri:0, instance:execution.Test@7ed7259e]" started-at="2022-09-19T13:09:56 IST" name="beforeclass" finished-at="2022-09-19T13:09:56 IST" duration-ms="353" status="PASS">
          <reporter-output>
          </reporter-output>
        </test-method> <!-- beforeclass -->
        <test-method is-config="true" signature="beforemethod()[pri:0, instance:execution.Test@7ed7259e]" started-at="2022-09-19T13:09:56 IST" name="beforemethod" finished-at="2022-09-19T13:10:13 IST" duration-ms="16802" status="PASS">
          <reporter-output>
          </reporter-output>
        </test-method> <!-- beforemethod -->
        <test-method signature="Message_test()[pri:0, instance:execution.Test@7ed7259e]" started-at="2022-09-19T13:10:13 IST" name="Message_test" finished-at="2022-09-19T13:10:33 IST" duration-ms="19866" status="PASS">
          <reporter-output>
          </reporter-output>
        </test-method> <!-- Message_test -->
        <test-method is-config="true" signature="aftermethod()[pri:0, instance:execution.Test@7ed7259e]" started-at="2022-09-19T13:10:33 IST" name="aftermethod" finished-at="2022-09-19T13:10:39 IST" duration-ms="5957" status="PASS">
          <reporter-output>
          </reporter-output>
        </test-method> <!-- aftermethod -->
        <test-method is-config="true" signature="beforemethod()[pri:0, instance:execution.Test@7ed7259e]" started-at="2022-09-19T13:10:40 IST" name="beforemethod" finished-at="2022-09-19T13:10:55 IST" duration-ms="14902" status="PASS">
          <reporter-output>
          </reporter-output>
        </test-method> <!-- beforemethod -->
        <test-method signature="Valid_Login_Test(java.lang.String, java.lang.String)[pri:1, instance:execution.Test@7ed7259e]" started-at="2022-09-19T13:10:55 IST" name="Valid_Login_Test" data-provider="Valid_login" finished-at="2022-09-19T13:11:03 IST" duration-ms="7943" status="PASS">
          <params>
            <param index="0">
              <value>
                <![CDATA[gopinath@datanetiix.com]]>
              </value>
            </param>
            <param index="1">
              <value>
                <![CDATA[Pass@123]]>
              </value>
            </param>
          </params>
          <reporter-output>
          </reporter-output>
        </test-method> <!-- Valid_Login_Test -->
        <test-method is-config="true" signature="aftermethod()[pri:0, instance:execution.Test@7ed7259e]" started-at="2022-09-19T13:11:03 IST" name="aftermethod" finished-at="2022-09-19T13:11:08 IST" duration-ms="5252" status="PASS">
          <reporter-output>
          </reporter-output>
        </test-method> <!-- aftermethod -->
        <test-method is-config="true" signature="beforemethod()[pri:0, instance:execution.Test@7ed7259e]" started-at="2022-09-19T13:11:08 IST" name="beforemethod" finished-at="2022-09-19T13:11:20 IST" duration-ms="11891" status="PASS">
          <reporter-output>
          </reporter-output>
        </test-method> <!-- beforemethod -->
        <test-method signature="Valid_Login_Test(java.lang.String, java.lang.String)[pri:1, instance:execution.Test@7ed7259e]" started-at="2022-09-19T13:11:20 IST" name="Valid_Login_Test" data-provider="Valid_login" finished-at="2022-09-19T13:11:28 IST" duration-ms="8055" status="PASS">
          <params>
            <param index="0">
              <value>
                <![CDATA[kavimani@datanetiix.com]]>
              </value>
            </param>
            <param index="1">
              <value>
                <![CDATA[Data@123]]>
              </value>
            </param>
          </params>
          <reporter-output>
          </reporter-output>
        </test-method> <!-- Valid_Login_Test -->
        <test-method is-config="true" signature="aftermethod()[pri:0, instance:execution.Test@7ed7259e]" started-at="2022-09-19T13:11:28 IST" name="aftermethod" finished-at="2022-09-19T13:11:33 IST" duration-ms="4844" status="PASS">
          <reporter-output>
          </reporter-output>
        </test-method> <!-- aftermethod -->
        <test-method is-config="true" signature="beforemethod()[pri:0, instance:execution.Test@7ed7259e]" started-at="2022-09-19T13:11:33 IST" name="beforemethod" finished-at="2022-09-19T13:11:45 IST" duration-ms="12099" status="PASS">
          <reporter-output>
          </reporter-output>
        </test-method> <!-- beforemethod -->
        <test-method signature="Invalid_Login_Test(java.lang.String, java.lang.String)[pri:2, instance:execution.Test@7ed7259e]" started-at="2022-09-19T13:11:45 IST" name="Invalid_Login_Test" data-provider="Invalid_login" finished-at="2022-09-19T13:11:52 IST" duration-ms="6597" status="PASS">
          <params>
            <param index="0">
              <value>
                <![CDATA[gopinath@]]>
              </value>
            </param>
            <param index="1">
              <value>
                <![CDATA[@7lPnISTgxWs]]>
              </value>
            </param>
          </params>
          <reporter-output>
          </reporter-output>
        </test-method> <!-- Invalid_Login_Test -->
        <test-method is-config="true" signature="aftermethod()[pri:0, instance:execution.Test@7ed7259e]" started-at="2022-09-19T13:11:52 IST" name="aftermethod" finished-at="2022-09-19T13:11:57 IST" duration-ms="5077" status="PASS">
          <reporter-output>
          </reporter-output>
        </test-method> <!-- aftermethod -->
        <test-method is-config="true" signature="beforemethod()[pri:0, instance:execution.Test@7ed7259e]" started-at="2022-09-19T13:11:57 IST" name="beforemethod" finished-at="2022-09-19T13:12:09 IST" duration-ms="11895" status="PASS">
          <reporter-output>
          </reporter-output>
        </test-method> <!-- beforemethod -->
        <test-method signature="Invalid_Login_Test(java.lang.String, java.lang.String)[pri:2, instance:execution.Test@7ed7259e]" started-at="2022-09-19T13:12:09 IST" name="Invalid_Login_Test" data-provider="Invalid_login" finished-at="2022-09-19T13:12:15 IST" duration-ms="6688" status="PASS">
          <params>
            <param index="0">
              <value>
                <![CDATA[gopina]]>
              </value>
            </param>
            <param index="1">
              <value>
                <![CDATA[@7lPnISTgxWs]]>
              </value>
            </param>
          </params>
          <reporter-output>
          </reporter-output>
        </test-method> <!-- Invalid_Login_Test -->
        <test-method is-config="true" signature="aftermethod()[pri:0, instance:execution.Test@7ed7259e]" started-at="2022-09-19T13:12:15 IST" name="aftermethod" finished-at="2022-09-19T13:12:20 IST" duration-ms="4771" status="PASS">
          <reporter-output>
          </reporter-output>
        </test-method> <!-- aftermethod -->
        <test-method is-config="true" signature="beforemethod()[pri:0, instance:execution.Test@7ed7259e]" started-at="2022-09-19T13:12:20 IST" name="beforemethod" finished-at="2022-09-19T13:12:32 IST" duration-ms="12100" status="PASS">
          <reporter-output>
          </reporter-output>
        </test-method> <!-- beforemethod -->
        <test-method signature="Invalid_Login_Test(java.lang.String, java.lang.String)[pri:2, instance:execution.Test@7ed7259e]" started-at="2022-09-19T13:12:32 IST" name="Invalid_Login_Test" data-provider="Invalid_login" finished-at="2022-09-19T13:12:39 IST" duration-ms="7164" status="PASS">
          <params>
            <param index="0">
              <value>
                <![CDATA[gopinath]]>
              </value>
            </param>
            <param index="1">
              <value>
                <![CDATA[gvnlklgh]]>
              </value>
            </param>
          </params>
          <reporter-output>
          </reporter-output>
        </test-method> <!-- Invalid_Login_Test -->
        <test-method is-config="true" signature="aftermethod()[pri:0, instance:execution.Test@7ed7259e]" started-at="2022-09-19T13:12:39 IST" name="aftermethod" finished-at="2022-09-19T13:12:44 IST" duration-ms="5128" status="PASS">
          <reporter-output>
          </reporter-output>
        </test-method> <!-- aftermethod -->
        <test-method is-config="true" signature="beforemethod()[pri:0, instance:execution.Test@7ed7259e]" started-at="2022-09-19T13:12:44 IST" name="beforemethod" finished-at="2022-09-19T13:12:57 IST" duration-ms="12420" status="PASS">
          <reporter-output>
          </reporter-output>
        </test-method> <!-- beforemethod -->
        <test-method signature="Invalid_Login_Test(java.lang.String, java.lang.String)[pri:2, instance:execution.Test@7ed7259e]" started-at="2022-09-19T13:12:57 IST" name="Invalid_Login_Test" data-provider="Invalid_login" finished-at="2022-09-19T13:13:04 IST" duration-ms="6913" status="PASS">
          <params>
            <param index="0">
              <value>
                <![CDATA[@#$%]]>
              </value>
            </param>
            <param index="1">
              <value>
                <![CDATA[@7lPnISTgxWs]]>
              </value>
            </param>
          </params>
          <reporter-output>
          </reporter-output>
        </test-method> <!-- Invalid_Login_Test -->
        <test-method is-config="true" signature="aftermethod()[pri:0, instance:execution.Test@7ed7259e]" started-at="2022-09-19T13:13:04 IST" name="aftermethod" finished-at="2022-09-19T13:13:09 IST" duration-ms="5166" status="PASS">
          <reporter-output>
          </reporter-output>
        </test-method> <!-- aftermethod -->
        <test-method is-config="true" signature="beforemethod()[pri:0, instance:execution.Test@7ed7259e]" started-at="2022-09-19T13:13:09 IST" name="beforemethod" finished-at="2022-09-19T13:13:21 IST" duration-ms="12002" status="PASS">
          <reporter-output>
          </reporter-output>
        </test-method> <!-- beforemethod -->
        <test-method signature="Invalid_Login_Test(java.lang.String, java.lang.String)[pri:2, instance:execution.Test@7ed7259e]" started-at="2022-09-19T13:13:21 IST" name="Invalid_Login_Test" data-provider="Invalid_login" finished-at="2022-09-19T13:13:27 IST" duration-ms="6501" status="PASS">
          <params>
            <param index="0">
              <value>
                <![CDATA[98 885]]>
              </value>
            </param>
            <param index="1">
              <value>
                <![CDATA[jnjbh]]>
              </value>
            </param>
          </params>
          <reporter-output>
          </reporter-output>
        </test-method> <!-- Invalid_Login_Test -->
        <test-method is-config="true" signature="aftermethod()[pri:0, instance:execution.Test@7ed7259e]" started-at="2022-09-19T13:13:27 IST" name="aftermethod" finished-at="2022-09-19T13:13:33 IST" duration-ms="5769" status="PASS">
          <reporter-output>
          </reporter-output>
        </test-method> <!-- aftermethod -->
        <test-method is-config="true" signature="beforemethod()[pri:0, instance:execution.Test@7ed7259e]" started-at="2022-09-19T13:13:33 IST" name="beforemethod" finished-at="2022-09-19T13:13:46 IST" duration-ms="12913" status="PASS">
          <reporter-output>
          </reporter-output>
        </test-method> <!-- beforemethod -->
        <test-method signature="Invalid_Login_Test(java.lang.String, java.lang.String)[pri:2, instance:execution.Test@7ed7259e]" started-at="2022-09-19T13:13:46 IST" name="Invalid_Login_Test" data-provider="Invalid_login" finished-at="2022-09-19T13:13:53 IST" duration-ms="7253" status="PASS">
          <params>
            <param index="0">
              <value>
                <![CDATA[gopinath@datanetiix.com]]>
              </value>
            </param>
            <param index="1">
              <value>
                <![CDATA[@7lPnISTgxWs]]>
              </value>
            </param>
          </params>
          <reporter-output>
          </reporter-output>
        </test-method> <!-- Invalid_Login_Test -->
        <test-method is-config="true" signature="aftermethod()[pri:0, instance:execution.Test@7ed7259e]" started-at="2022-09-19T13:13:53 IST" name="aftermethod" finished-at="2022-09-19T13:13:59 IST" duration-ms="5916" status="PASS">
          <reporter-output>
          </reporter-output>
        </test-method> <!-- aftermethod -->
        <test-method is-config="true" signature="beforemethod()[pri:0, instance:execution.Test@7ed7259e]" started-at="2022-09-19T13:13:59 IST" name="beforemethod" finished-at="2022-09-19T13:14:12 IST" duration-ms="12743" status="PASS">
          <reporter-output>
          </reporter-output>
        </test-method> <!-- beforemethod -->
        <test-method signature="Invalid_Login_Test(java.lang.String, java.lang.String)[pri:2, instance:execution.Test@7ed7259e]" started-at="2022-09-19T13:14:12 IST" name="Invalid_Login_Test" data-provider="Invalid_login" finished-at="2022-09-19T13:14:19 IST" duration-ms="7365" status="PASS">
          <params>
            <param index="0">
              <value>
                <![CDATA[gopinath]]>
              </value>
            </param>
            <param index="1">
              <value>
                <![CDATA[]]>
              </value>
            </param>
          </params>
          <reporter-output>
          </reporter-output>
        </test-method> <!-- Invalid_Login_Test -->
        <test-method is-config="true" signature="aftermethod()[pri:0, instance:execution.Test@7ed7259e]" started-at="2022-09-19T13:14:19 IST" name="aftermethod" finished-at="2022-09-19T13:14:25 IST" duration-ms="5300" status="PASS">
          <reporter-output>
          </reporter-output>
        </test-method> <!-- aftermethod -->
        <test-method is-config="true" signature="beforemethod()[pri:0, instance:execution.Test@7ed7259e]" started-at="2022-09-19T13:14:25 IST" name="beforemethod" finished-at="2022-09-19T13:14:37 IST" duration-ms="11973" status="PASS">
          <reporter-output>
          </reporter-output>
        </test-method> <!-- beforemethod -->
        <test-method signature="Invalid_Login_Test(java.lang.String, java.lang.String)[pri:2, instance:execution.Test@7ed7259e]" started-at="2022-09-19T13:14:37 IST" name="Invalid_Login_Test" data-provider="Invalid_login" finished-at="2022-09-19T13:14:43 IST" duration-ms="5981" status="PASS">
          <params>
            <param index="0">
              <value>
                <![CDATA[]]>
              </value>
            </param>
            <param index="1">
              <value>
                <![CDATA[]]>
              </value>
            </param>
          </params>
          <reporter-output>
          </reporter-output>
        </test-method> <!-- Invalid_Login_Test -->
        <test-method is-config="true" signature="aftermethod()[pri:0, instance:execution.Test@7ed7259e]" started-at="2022-09-19T13:14:43 IST" name="aftermethod" finished-at="2022-09-19T13:14:48 IST" duration-ms="4999" status="PASS">
          <reporter-output>
          </reporter-output>
        </test-method> <!-- aftermethod -->
        <test-method is-config="true" signature="beforemethod()[pri:0, instance:execution.Test@7ed7259e]" started-at="2022-09-19T13:14:48 IST" name="beforemethod" finished-at="2022-09-19T13:15:00 IST" duration-ms="12505" status="PASS">
          <reporter-output>
          </reporter-output>
        </test-method> <!-- beforemethod -->
        <test-method signature="Invalid_Login_Test(java.lang.String, java.lang.String)[pri:2, instance:execution.Test@7ed7259e]" started-at="2022-09-19T13:15:00 IST" name="Invalid_Login_Test" data-provider="Invalid_login" finished-at="2022-09-19T13:15:06 IST" duration-ms="5725" status="PASS">
          <params>
            <param index="0">
              <value>
                <![CDATA[]]>
              </value>
            </param>
            <param index="1">
              <value>
                <![CDATA[Pass@123]]>
              </value>
            </param>
          </params>
          <reporter-output>
          </reporter-output>
        </test-method> <!-- Invalid_Login_Test -->
        <test-method is-config="true" signature="aftermethod()[pri:0, instance:execution.Test@7ed7259e]" started-at="2022-09-19T13:15:06 IST" name="aftermethod" finished-at="2022-09-19T13:15:11 IST" duration-ms="5346" status="PASS">
          <reporter-output>
          </reporter-output>
        </test-method> <!-- aftermethod -->
        <test-method is-config="true" signature="afterclass()[pri:0, instance:execution.Test@7ed7259e]" started-at="2022-09-19T13:15:11 IST" name="afterclass" finished-at="2022-09-19T13:15:12 IST" duration-ms="772" status="PASS">
          <reporter-output>
          </reporter-output>
        </test-method> <!-- afterclass -->
        <test-method is-config="true" signature="aftersuite()[pri:0, instance:execution.Test@7ed7259e]" started-at="2022-09-19T13:15:12 IST" name="aftersuite" finished-at="2022-09-19T13:15:12 IST" duration-ms="0" status="PASS">
          <reporter-output>
          </reporter-output>
        </test-method> <!-- aftersuite -->
      </class> <!-- execution.Test -->
    </test> <!-- Test -->
  </suite> <!-- Suite -->
</testng-results>
